 Limit (cost=0.00..0.21 rows=1 width=1990) (actual time=0.015..0.016 rows=1 loops=1)
 -> Seq Scan on product_item (cost=0.00..23701.92 rows=111292 width=1990) (actual time=0.014..0.014 rows=1 loops=1)
