Result  (cost=0.00..0.01 rows=1 width=4) (actual time=0.002..0.003 rows=1 loops=1)
Planning Time: 0.145 ms
Execution Time: 0.077 ms
