- Plan: 
    Node Type: "CTE Scan"
    Parallel Aware: false
    Async Capable: false
    CTE Name: "foo"
    Alias: "foo"
    Startup Cost: 2.64
    Total Cost: 3.26
    Plan Rows: 31
    Plan Width: 4
    Actual Startup Time: 0.005
    Actual Total Time: 0.029
    Actual Rows: 10
    Actual Loops: 1
    Shared Hit Blocks: 0
    Shared Read Blocks: 0
    Shared Dirtied Blocks: 0
    Shared Written Blocks: 0
    Local Hit Blocks: 0
    Local Read Blocks: 0
    Local Dirtied Blocks: 0
    Local Written Blocks: 0
    Temp Read Blocks: 0
    Temp Written Blocks: 0
    I/O Read Time: 0.000
    I/O Write Time: 0.000
    Temp I/O Read Time: 0.000
    Temp I/O Write Time: 0.000
    Plans: 
      - Node Type: "Recursive Union"
        Parent Relationship: "InitPlan"
        Subplan Name: "CTE foo"
        Parallel Aware: false
        Async Capable: false
        Startup Cost: 0.00
        Total Cost: 2.64
        Plan Rows: 31
        Plan Width: 4
        Actual Startup Time: 0.003
        Actual Total Time: 0.024
        Actual Rows: 10
        Actual Loops: 1
        Shared Hit Blocks: 0
        Shared Read Blocks: 0
        Shared Dirtied Blocks: 0
        Shared Written Blocks: 0
        Local Hit Blocks: 0
        Local Read Blocks: 0
        Local Dirtied Blocks: 0
        Local Written Blocks: 0
        Temp Read Blocks: 0
        Temp Written Blocks: 0
        I/O Read Time: 0.000
        I/O Write Time: 0.000
        Temp I/O Read Time: 0.000
        Temp I/O Write Time: 0.000
        Plans: 
          - Node Type: "Result"
            Parent Relationship: "Outer"
            Parallel Aware: false
            Async Capable: false
            Startup Cost: 0.00
            Total Cost: 0.01
            Plan Rows: 1
            Plan Width: 4
            Actual Startup Time: 0.002
            Actual Total Time: 0.002
            Actual Rows: 1
            Actual Loops: 1
            Shared Hit Blocks: 0
            Shared Read Blocks: 0
            Shared Dirtied Blocks: 0
            Shared Written Blocks: 0
            Local Hit Blocks: 0
            Local Read Blocks: 0
            Local Dirtied Blocks: 0
            Local Written Blocks: 0
            Temp Read Blocks: 0
            Temp Written Blocks: 0
            I/O Read Time: 0.000
            I/O Write Time: 0.000
            Temp I/O Read Time: 0.000
            Temp I/O Write Time: 0.000
          - Node Type: "WorkTable Scan"
            Parent Relationship: "Inner"
            Parallel Aware: false
            Async Capable: false
            CTE Name: "foo"
            Alias: "foo_1"
            Startup Cost: 0.00
            Total Cost: 0.23
            Plan Rows: 3
            Plan Width: 4
            Actual Startup Time: 0.000
            Actual Total Time: 0.001
            Actual Rows: 1
            Actual Loops: 10
            Filter: "(a < 10)"
            Rows Removed by Filter: 0
            Shared Hit Blocks: 0
            Shared Read Blocks: 0
            Shared Dirtied Blocks: 0
            Shared Written Blocks: 0
            Local Hit Blocks: 0
            Local Read Blocks: 0
            Local Dirtied Blocks: 0
            Local Written Blocks: 0
            Temp Read Blocks: 0
            Temp Written Blocks: 0
            I/O Read Time: 0.000
            I/O Write Time: 0.000
            Temp I/O Read Time: 0.000
            Temp I/O Write Time: 0.000
  Planning: 
    Shared Hit Blocks: 0
    Shared Read Blocks: 0
    Shared Dirtied Blocks: 0
    Shared Written Blocks: 0
    Local Hit Blocks: 0
    Local Read Blocks: 0
    Local Dirtied Blocks: 0
    Local Written Blocks: 0
    Temp Read Blocks: 0
    Temp Written Blocks: 0
    I/O Read Time: 0.000
    I/O Write Time: 0.000
    Temp I/O Read Time: 0.000
    Temp I/O Write Time: 0.000
  Planning Time: 0.092
  Triggers: 
  Execution Time: 0.079
