<explain xmlns="http://www.postgresql.org/2009/explain">
  <Query>
    <Plan>
      <Node-Type>CTE Scan</Node-Type>
      <Parallel-Aware>false</Parallel-Aware>
      <Async-Capable>false</Async-Capable>
      <CTE-Name>foo</CTE-Name>
      <Alias>foo</Alias>
      <Startup-Cost>2.64</Startup-Cost>
      <Total-Cost>3.26</Total-Cost>
      <Plan-Rows>31</Plan-Rows>
      <Plan-Width>4</Plan-Width>
      <Actual-Startup-Time>0.002</Actual-Startup-Time>
      <Actual-Total-Time>0.024</Actual-Total-Time>
      <Actual-Rows>10</Actual-Rows>
      <Actual-Loops>1</Actual-Loops>
      <Shared-Hit-Blocks>0</Shared-Hit-Blocks>
      <Shared-Read-Blocks>0</Shared-Read-Blocks>
      <Shared-Dirtied-Blocks>0</Shared-Dirtied-Blocks>
      <Shared-Written-Blocks>0</Shared-Written-Blocks>
      <Local-Hit-Blocks>0</Local-Hit-Blocks>
      <Local-Read-Blocks>0</Local-Read-Blocks>
      <Local-Dirtied-Blocks>0</Local-Dirtied-Blocks>
      <Local-Written-Blocks>0</Local-Written-Blocks>
      <Temp-Read-Blocks>0</Temp-Read-Blocks>
      <Temp-Written-Blocks>0</Temp-Written-Blocks>
      <I-O-Read-Time>0.000</I-O-Read-Time>
      <I-O-Write-Time>0.000</I-O-Write-Time>
      <Temp-I-O-Read-Time>0.000</Temp-I-O-Read-Time>
      <Temp-I-O-Write-Time>0.000</Temp-I-O-Write-Time>
      <Plans>
        <Plan>
          <Node-Type>Recursive Union</Node-Type>
          <Parent-Relationship>InitPlan</Parent-Relationship>
          <Subplan-Name>CTE foo</Subplan-Name>
          <Parallel-Aware>false</Parallel-Aware>
          <Async-Capable>false</Async-Capable>
          <Startup-Cost>0.00</Startup-Cost>
          <Total-Cost>2.64</Total-Cost>
          <Plan-Rows>31</Plan-Rows>
          <Plan-Width>4</Plan-Width>
          <Actual-Startup-Time>0.002</Actual-Startup-Time>
          <Actual-Total-Time>0.021</Actual-Total-Time>
          <Actual-Rows>10</Actual-Rows>
          <Actual-Loops>1</Actual-Loops>
          <Shared-Hit-Blocks>0</Shared-Hit-Blocks>
          <Shared-Read-Blocks>0</Shared-Read-Blocks>
          <Shared-Dirtied-Blocks>0</Shared-Dirtied-Blocks>
          <Shared-Written-Blocks>0</Shared-Written-Blocks>
          <Local-Hit-Blocks>0</Local-Hit-Blocks>
          <Local-Read-Blocks>0</Local-Read-Blocks>
          <Local-Dirtied-Blocks>0</Local-Dirtied-Blocks>
          <Local-Written-Blocks>0</Local-Written-Blocks>
          <Temp-Read-Blocks>0</Temp-Read-Blocks>
          <Temp-Written-Blocks>0</Temp-Written-Blocks>
          <I-O-Read-Time>0.000</I-O-Read-Time>
          <I-O-Write-Time>0.000</I-O-Write-Time>
          <Temp-I-O-Read-Time>0.000</Temp-I-O-Read-Time>
          <Temp-I-O-Write-Time>0.000</Temp-I-O-Write-Time>
          <Plans>
            <Plan>
              <Node-Type>Result</Node-Type>
              <Parent-Relationship>Outer</Parent-Relationship>
              <Parallel-Aware>false</Parallel-Aware>
              <Async-Capable>false</Async-Capable>
              <Startup-Cost>0.00</Startup-Cost>
              <Total-Cost>0.01</Total-Cost>
              <Plan-Rows>1</Plan-Rows>
              <Plan-Width>4</Plan-Width>
              <Actual-Startup-Time>0.001</Actual-Startup-Time>
              <Actual-Total-Time>0.001</Actual-Total-Time>
              <Actual-Rows>1</Actual-Rows>
              <Actual-Loops>1</Actual-Loops>
              <Shared-Hit-Blocks>0</Shared-Hit-Blocks>
              <Shared-Read-Blocks>0</Shared-Read-Blocks>
              <Shared-Dirtied-Blocks>0</Shared-Dirtied-Blocks>
              <Shared-Written-Blocks>0</Shared-Written-Blocks>
              <Local-Hit-Blocks>0</Local-Hit-Blocks>
              <Local-Read-Blocks>0</Local-Read-Blocks>
              <Local-Dirtied-Blocks>0</Local-Dirtied-Blocks>
              <Local-Written-Blocks>0</Local-Written-Blocks>
              <Temp-Read-Blocks>0</Temp-Read-Blocks>
              <Temp-Written-Blocks>0</Temp-Written-Blocks>
              <I-O-Read-Time>0.000</I-O-Read-Time>
              <I-O-Write-Time>0.000</I-O-Write-Time>
              <Temp-I-O-Read-Time>0.000</Temp-I-O-Read-Time>
              <Temp-I-O-Write-Time>0.000</Temp-I-O-Write-Time>
            </Plan>
            <Plan>
              <Node-Type>WorkTable Scan</Node-Type>
              <Parent-Relationship>Inner</Parent-Relationship>
              <Parallel-Aware>false</Parallel-Aware>
              <Async-Capable>false</Async-Capable>
              <CTE-Name>foo</CTE-Name>
              <Alias>foo_1</Alias>
              <Startup-Cost>0.00</Startup-Cost>
              <Total-Cost>0.23</Total-Cost>
              <Plan-Rows>3</Plan-Rows>
              <Plan-Width>4</Plan-Width>
              <Actual-Startup-Time>0.000</Actual-Startup-Time>
              <Actual-Total-Time>0.000</Actual-Total-Time>
              <Actual-Rows>1</Actual-Rows>
              <Actual-Loops>10</Actual-Loops>
              <Filter>(a &lt; 10)</Filter>
              <Rows-Removed-by-Filter>0</Rows-Removed-by-Filter>
              <Shared-Hit-Blocks>0</Shared-Hit-Blocks>
              <Shared-Read-Blocks>0</Shared-Read-Blocks>
              <Shared-Dirtied-Blocks>0</Shared-Dirtied-Blocks>
              <Shared-Written-Blocks>0</Shared-Written-Blocks>
              <Local-Hit-Blocks>0</Local-Hit-Blocks>
              <Local-Read-Blocks>0</Local-Read-Blocks>
              <Local-Dirtied-Blocks>0</Local-Dirtied-Blocks>
              <Local-Written-Blocks>0</Local-Written-Blocks>
              <Temp-Read-Blocks>0</Temp-Read-Blocks>
              <Temp-Written-Blocks>0</Temp-Written-Blocks>
              <I-O-Read-Time>0.000</I-O-Read-Time>
              <I-O-Write-Time>0.000</I-O-Write-Time>
              <Temp-I-O-Read-Time>0.000</Temp-I-O-Read-Time>
              <Temp-I-O-Write-Time>0.000</Temp-I-O-Write-Time>
            </Plan>
          </Plans>
        </Plan>
      </Plans>
    </Plan>
    <Planning>
      <Shared-Hit-Blocks>0</Shared-Hit-Blocks>
      <Shared-Read-Blocks>0</Shared-Read-Blocks>
      <Shared-Dirtied-Blocks>0</Shared-Dirtied-Blocks>
      <Shared-Written-Blocks>0</Shared-Written-Blocks>
      <Local-Hit-Blocks>0</Local-Hit-Blocks>
      <Local-Read-Blocks>0</Local-Read-Blocks>
      <Local-Dirtied-Blocks>0</Local-Dirtied-Blocks>
      <Local-Written-Blocks>0</Local-Written-Blocks>
      <Temp-Read-Blocks>0</Temp-Read-Blocks>
      <Temp-Written-Blocks>0</Temp-Written-Blocks>
      <I-O-Read-Time>0.000</I-O-Read-Time>
      <I-O-Write-Time>0.000</I-O-Write-Time>
      <Temp-I-O-Read-Time>0.000</Temp-I-O-Read-Time>
      <Temp-I-O-Write-Time>0.000</Temp-I-O-Write-Time>
    </Planning>
    <Planning-Time>0.069</Planning-Time>
    <Triggers>
    </Triggers>
    <Execution-Time>0.068</Execution-Time>
  </Query>
</explain>
