                QUERY PLAN                 
-------------------------------------------
 [                                        +
   {                                      +
     "Plan": {                            +
       "Node Type": "Aggregate",          +
       "Strategy": "Plain",               +
       "Partial Mode": "Simple",          +
       "Parallel Aware": false,           +
       "Startup Cost": 17.85,             +
       "Total Cost": 17.86,               +
       "Plan Rows": 1,                    +
       "Plan Width": 8,                   +
       "Plans": [                         +
         {                                +
           "Node Type": "Seq Scan",       +
           "Parent Relationship": "Outer",+
           "Parallel Aware": false,       +
           "Relation Name": "pg_class",   +
           "Alias": "pg_class",           +
           "Startup Cost": 0.00,          +
           "Total Cost": 16.88,           +
           "Plan Rows": 388,              +
           "Plan Width": 0                +
         }                                +
       ]                                  +
     }                                    +
   }                                      +
 ]
(1 row)

