HashAggregate  (cost=19.79..19.95 rows=16 width=13)
  Group Key: relnamespace, relkind
  ->  Seq Scan on pg_class  (cost=0.00..16.88 rows=388 width=5)
