- Plan: 
    Node Type: "Sort"
    Parallel Aware: false
    Startup Cost: 53236.59
    Total Cost: 54291.63
    Plan Rows: 422016
    Plan Width: 14
    Actual Startup Time: 651.661
    Actual Total Time: 708.012
    Actual Rows: 422016
    Actual Loops: 1
    Sort Key: 
      - "string"
    Sort Method: "external merge"
    Sort Space Used: 10096
    Sort Space Type: "Disk"
    Shared Hit Blocks: 2372
    Shared Read Blocks: 0
    Shared Dirtied Blocks: 0
    Shared Written Blocks: 0
    Local Hit Blocks: 0
    Local Read Blocks: 0
    Local Dirtied Blocks: 0
    Local Written Blocks: 0
    Temp Read Blocks: 1262
    Temp Written Blocks: 1269
    Plans: 
      - Node Type: "Seq Scan"
        Parent Relationship: "Outer"
        Parallel Aware: false
        Relation Name: "strings"
        Alias: "strings"
        Startup Cost: 0.00
        Total Cost: 6592.16
        Plan Rows: 422016
        Plan Width: 14
        Actual Startup Time: 0.022
        Actual Total Time: 33.805
        Actual Rows: 422016
        Actual Loops: 1
        Shared Hit Blocks: 2372
        Shared Read Blocks: 0
        Shared Dirtied Blocks: 0
        Shared Written Blocks: 0
        Local Hit Blocks: 0
        Local Read Blocks: 0
        Local Dirtied Blocks: 0
        Local Written Blocks: 0
        Temp Read Blocks: 0
        Temp Written Blocks: 0
  Planning Time: 0.076
  Triggers: 
  Execution Time: 725.246
