<explain xmlns="http://www.postgresql.org/2009/explain">
  <Query>
    <Plan>
      <Node-Type>Index Scan</Node-Type>
      <Parallel-Aware>false</Parallel-Aware>
      <Async-Capable>false</Async-Capable>
      <Scan-Direction>Forward</Scan-Direction>
      <Index-Name>pg_class_relname_nsp_index</Index-Name>
      <Relation-Name>pg_class</Relation-Name>
      <Alias>pg_class</Alias>
      <Startup-Cost>0.72</Startup-Cost>
      <Total-Cost>8.74</Total-Cost>
      <Plan-Rows>1</Plan-Rows>
      <Plan-Width>372</Plan-Width>
      <Actual-Startup-Time>0.012</Actual-Startup-Time>
      <Actual-Total-Time>0.013</Actual-Total-Time>
      <Actual-Rows>1</Actual-Rows>
      <Actual-Loops>1</Actual-Loops>
      <Index-Cond>(relname = $1)</Index-Cond>
      <Rows-Removed-by-Index-Recheck>0</Rows-Removed-by-Index-Recheck>
      <Filter>(relkind = $0)</Filter>
      <Rows-Removed-by-Filter>0</Rows-Removed-by-Filter>
      <Shared-Hit-Blocks>6</Shared-Hit-Blocks>
      <Shared-Read-Blocks>0</Shared-Read-Blocks>
      <Shared-Dirtied-Blocks>0</Shared-Dirtied-Blocks>
      <Shared-Written-Blocks>0</Shared-Written-Blocks>
      <Local-Hit-Blocks>0</Local-Hit-Blocks>
      <Local-Read-Blocks>0</Local-Read-Blocks>
      <Local-Dirtied-Blocks>0</Local-Dirtied-Blocks>
      <Local-Written-Blocks>0</Local-Written-Blocks>
      <Temp-Read-Blocks>0</Temp-Read-Blocks>
      <Temp-Written-Blocks>0</Temp-Written-Blocks>
      <I-O-Read-Time>0.000</I-O-Read-Time>
      <I-O-Write-Time>0.000</I-O-Write-Time>
      <Plans>
        <Plan>
          <Node-Type>Limit</Node-Type>
          <Parent-Relationship>InitPlan</Parent-Relationship>
          <Subplan-Name>InitPlan 1 (returns $0,$1)</Subplan-Name>
          <Parallel-Aware>false</Parallel-Aware>
          <Async-Capable>false</Async-Capable>
          <Startup-Cost>0.28</Startup-Cost>
          <Total-Cost>0.45</Total-Cost>
          <Plan-Rows>1</Plan-Rows>
          <Plan-Width>69</Plan-Width>
          <Actual-Startup-Time>0.006</Actual-Startup-Time>
          <Actual-Total-Time>0.006</Actual-Total-Time>
          <Actual-Rows>1</Actual-Rows>
          <Actual-Loops>1</Actual-Loops>
          <Shared-Hit-Blocks>3</Shared-Hit-Blocks>
          <Shared-Read-Blocks>0</Shared-Read-Blocks>
          <Shared-Dirtied-Blocks>0</Shared-Dirtied-Blocks>
          <Shared-Written-Blocks>0</Shared-Written-Blocks>
          <Local-Hit-Blocks>0</Local-Hit-Blocks>
          <Local-Read-Blocks>0</Local-Read-Blocks>
          <Local-Dirtied-Blocks>0</Local-Dirtied-Blocks>
          <Local-Written-Blocks>0</Local-Written-Blocks>
          <Temp-Read-Blocks>0</Temp-Read-Blocks>
          <Temp-Written-Blocks>0</Temp-Written-Blocks>
          <I-O-Read-Time>0.000</I-O-Read-Time>
          <I-O-Write-Time>0.000</I-O-Write-Time>
          <Plans>
            <Plan>
              <Node-Type>Index Scan</Node-Type>
              <Parent-Relationship>Outer</Parent-Relationship>
              <Parallel-Aware>false</Parallel-Aware>
              <Async-Capable>false</Async-Capable>
              <Scan-Direction>Forward</Scan-Direction>
              <Index-Name>pg_class_oid_index</Index-Name>
              <Relation-Name>pg_class</Relation-Name>
              <Alias>pg_class_1</Alias>
              <Startup-Cost>0.28</Startup-Cost>
              <Total-Cost>223.91</Total-Cost>
              <Plan-Rows>1324</Plan-Rows>
              <Plan-Width>69</Plan-Width>
              <Actual-Startup-Time>0.005</Actual-Startup-Time>
              <Actual-Total-Time>0.005</Actual-Total-Time>
              <Actual-Rows>1</Actual-Rows>
              <Actual-Loops>1</Actual-Loops>
              <Shared-Hit-Blocks>3</Shared-Hit-Blocks>
              <Shared-Read-Blocks>0</Shared-Read-Blocks>
              <Shared-Dirtied-Blocks>0</Shared-Dirtied-Blocks>
              <Shared-Written-Blocks>0</Shared-Written-Blocks>
              <Local-Hit-Blocks>0</Local-Hit-Blocks>
              <Local-Read-Blocks>0</Local-Read-Blocks>
              <Local-Dirtied-Blocks>0</Local-Dirtied-Blocks>
              <Local-Written-Blocks>0</Local-Written-Blocks>
              <Temp-Read-Blocks>0</Temp-Read-Blocks>
              <Temp-Written-Blocks>0</Temp-Written-Blocks>
              <I-O-Read-Time>0.000</I-O-Read-Time>
              <I-O-Write-Time>0.000</I-O-Write-Time>
            </Plan>
          </Plans>
        </Plan>
      </Plans>
    </Plan>
    <Planning>
      <Shared-Hit-Blocks>168</Shared-Hit-Blocks>
      <Shared-Read-Blocks>0</Shared-Read-Blocks>
      <Shared-Dirtied-Blocks>0</Shared-Dirtied-Blocks>
      <Shared-Written-Blocks>0</Shared-Written-Blocks>
      <Local-Hit-Blocks>0</Local-Hit-Blocks>
      <Local-Read-Blocks>0</Local-Read-Blocks>
      <Local-Dirtied-Blocks>0</Local-Dirtied-Blocks>
      <Local-Written-Blocks>0</Local-Written-Blocks>
      <Temp-Read-Blocks>0</Temp-Read-Blocks>
      <Temp-Written-Blocks>0</Temp-Written-Blocks>
      <I-O-Read-Time>0.000</I-O-Read-Time>
      <I-O-Write-Time>0.000</I-O-Write-Time>
    </Planning>
    <Planning-Time>0.313</Planning-Time>
    <Triggers>
    </Triggers>
    <Execution-Time>0.084</Execution-Time>
  </Query>
</explain>
