Function Scan on generate_series  (cost=0.00..0.10 rows=10 width=4) (actual time=0.009..0.010 rows=10 loops=1)
Planning Time: 0.046 ms
Execution Time: 0.057 ms
