<explain xmlns="http://www.postgresql.org/2009/explain">
  <Query>
    <Plan>
      <Node-Type>Gather</Node-Type>
      <Parallel-Aware>false</Parallel-Aware>
      <Startup-Cost>1000.00</Startup-Cost>
      <Total-Cost>5523045.00</Total-Cost>
      <Plan-Rows>7404</Plan-Rows>
      <Plan-Width>56</Plan-Width>
      <Actual-Startup-Time>73.820</Actual-Startup-Time>
      <Actual-Total-Time>3986.999</Actual-Total-Time>
      <Actual-Rows>99743</Actual-Rows>
      <Actual-Loops>1</Actual-Loops>
      <Workers-Planned>2</Workers-Planned>
      <Workers-Launched>2</Workers-Launched>
      <Single-Copy>false</Single-Copy>
      <Plans>
        <Plan>
          <Node-Type>Seq Scan</Node-Type>
          <Parent-Relationship>Outer</Parent-Relationship>
          <Parallel-Aware>true</Parallel-Aware>
          <Relation-Name>test</Relation-Name>
          <Alias>test</Alias>
          <Startup-Cost>0.00</Startup-Cost>
          <Total-Cost>5521304.60</Total-Cost>
          <Plan-Rows>3085</Plan-Rows>
          <Plan-Width>56</Plan-Width>
          <Actual-Startup-Time>72.761</Actual-Startup-Time>
          <Actual-Total-Time>3972.370</Actual-Total-Time>
          <Actual-Rows>33248</Actual-Rows>
          <Actual-Loops>3</Actual-Loops>
          <Filter>((tts &gt;= '2019-01-01'::date) AND (tts &lt;= '2020-01-01'::date) AND (0 = (tint % 50)))</Filter>
          <Rows-Removed-by-Filter>33300086</Rows-Removed-by-Filter>
          <Workers>
          </Workers>
        </Plan>
      </Plans>
    </Plan>
    <Planning-Time>0.267</Planning-Time>
    <Triggers>
    </Triggers>
    <JIT>
      <Functions>8</Functions>
      <Options>
        <Inlining>true</Inlining>
        <Optimization>true</Optimization>
        <Expressions>false</Expressions>
        <Deforming>true</Deforming>
      </Options>
      <Timing>
        <Generation>0.715</Generation>
        <Inlining>141.109</Inlining>
        <Optimization>46.661</Optimization>
        <Emission>29.662</Emission>
        <Total>218.147</Total>
      </Timing>
    </JIT>
    <Execution-Time>4013.167</Execution-Time>
  </Query>
</explain>
