- Plan: 
    Node Type: "Gather"
    Parallel Aware: false
    Startup Cost: 1000.00
    Total Cost: 5523045.00
    Plan Rows: 7404
    Plan Width: 56
    Actual Startup Time: 71.408
    Actual Total Time: 4077.467
    Actual Rows: 99743
    Actual Loops: 1
    Workers Planned: 2
    Workers Launched: 2
    Single Copy: false
    Plans: 
      - Node Type: "Seq Scan"
        Parent Relationship: "Outer"
        Parallel Aware: true
        Relation Name: "test"
        Alias: "test"
        Startup Cost: 0.00
        Total Cost: 5521304.60
        Plan Rows: 3085
        Plan Width: 56
        Actual Startup Time: 70.672
        Actual Total Time: 4062.249
        Actual Rows: 33248
        Actual Loops: 3
        Filter: "((tts >= '2019-01-01'::date) AND (tts <= '2020-01-01'::date) AND (0 = (tint % 50)))"
        Rows Removed by Filter: 33300086
        Workers: 
  Planning Time: 0.274
  Triggers: 
  JIT: 
    Functions: 9
    Options: 
      Inlining: true
      Optimization: true
      Expressions: true
      Deforming: false
    Timing: 
      Generation: 0.718
      Inlining: 134.748
      Optimization: 46.551
      Emission: 29.671
      Total: 211.688
  Execution Time: 4104.670
