<explain xmlns="http://www.postgresql.org/2009/explain">
  <Query>
    <Plan>
      <Node-Type>Aggregate</Node-Type>
      <Strategy>Plain</Strategy>
      <Partial-Mode>Simple</Partial-Mode>
      <Parallel-Aware>false</Parallel-Aware>
      <Startup-Cost>18.26</Startup-Cost>
      <Total-Cost>18.27</Total-Cost>
      <Plan-Rows>1</Plan-Rows>
      <Plan-Width>8</Plan-Width>
      <Actual-Startup-Time>0.283</Actual-Startup-Time>
      <Actual-Total-Time>0.285</Actual-Total-Time>
      <Actual-Rows>1</Actual-Rows>
      <Actual-Loops>1</Actual-Loops>
      <Plans>
        <Plan>
          <Node-Type>Seq Scan</Node-Type>
          <Parent-Relationship>Outer</Parent-Relationship>
          <Parallel-Aware>false</Parallel-Aware>
          <Relation-Name>pg_class</Relation-Name>
          <Alias>pg_class</Alias>
          <Startup-Cost>0.00</Startup-Cost>
          <Total-Cost>17.21</Total-Cost>
          <Plan-Rows>421</Plan-Rows>
          <Plan-Width>0</Plan-Width>
          <Actual-Startup-Time>0.014</Actual-Startup-Time>
          <Actual-Total-Time>0.208</Actual-Total-Time>
          <Actual-Rows>416</Actual-Rows>
          <Actual-Loops>1</Actual-Loops>
        </Plan>
      </Plans>
    </Plan>
    <Planning-Time>0.968</Planning-Time>
    <Triggers>
    </Triggers>
    <Execution-Time>0.684</Execution-Time>
  </Query>
</explain>
